d:\code\game\game\debug\vc143.pdb
d:\code\game\game\debug\vc143.idb
d:\code\game\game\debug\main.obj
d:\code\game\game\debug\threatsobject.obj
d:\code\game\game\debug\textobject.obj
d:\code\game\game\debug\playerpower.obj
d:\code\game\game\debug\map.obj
d:\code\game\game\debug\mainobject.obj
d:\code\game\game\debug\imptimer.obj
d:\code\game\game\debug\geometric.obj
d:\code\game\game\debug\commonfunc.obj
d:\code\game\game\debug\bulletobject.obj
d:\code\game\game\debug\baseobject.obj
d:\code\game\debug\game.pdb
d:\code\game\game\debug\game.tlog\cl.command.1.tlog
d:\code\game\game\debug\game.tlog\cl.read.1.tlog
d:\code\game\game\debug\game.tlog\cl.write.1.tlog
d:\code\game\game\debug\game.tlog\link.command.1.tlog
d:\code\game\game\debug\game.tlog\link.read.1.tlog
d:\code\game\game\debug\game.tlog\link.write.1.tlog
